=======================
RT @TipsForYouDaily: As much as you may hate them, cold showers are much better for your hair and skin.
Sun Mar 26 20:48:44 +0000 2017
=======================
=======================
RT @TipsForYouDaily: Worry does nothing but steal your joy and keep you very busy doing nothing.
Sun Mar 26 20:48:35 +0000 2017
=======================
=======================
RT @TipsForYouDaily: Basic weight loss tips:
• drink more water
• adjust your portion sizes
• lower your sugar intake
• limit carbs to 1x p…
Sun Mar 26 20:48:20 +0000 2017
=======================
=======================
RT @TipsForYouDaily: If you tend to wake up early after drinking, it might be because your blood sugar is low. A slice of bread or peanut b…
Sun Mar 26 20:48:13 +0000 2017
=======================
=======================
=======================
Tweeting!
Sun Mar 26 20:47:30 +0000 2017
=======================
RT @TipsForYouDaily: Common interview mistakes https://t.co/LooQWWUG74
Sun Mar 26 20:47:13 +0000 2017
=======================
=======================
RT @TipsForYouDaily: How to stay creative - https://t.co/1b3EIvzlq7
Sun Mar 26 20:47:09 +0000 2017
=======================
=======================
RT @FactsInYourFace: The actor who portrayed the Marlboro Man in commercials died of lung cancer.
Sun Mar 26 20:46:40 +0000 2017
=======================
=======================
RT @FactsInYourFace: Maine is the only state  whose name is just one syllable.
Sun Mar 26 20:46:35 +0000 2017
=======================
=======================
RT @FactsInYourFace: The odds of achieving an above average educational performance are up to twice as high for pupils who eat breakfast, r…
Sun Mar 26 20:46:20 +0000 2017
=======================
RT @TipsForYouDaily: Twenty years from now you will be more disappointed by the things that you didn't do than by the ones you did do.
=======================
Sun Mar 26 20:46:11 +0000 2017
=======================
=======================
RT @MensHealthMag: 8 sneaks your friends won't have: https://t.co/NwGoXTVNjz https://t.co/AWzmcavwpg
Sun Mar 26 20:46:04 +0000 2017
=======================
=======================
RT @PCMag: The Best VPN Services for 2017: https://t.co/2QPSpEy6yf https://t.co/Sv2FkAkW0J
Sun Mar 26 20:45:47 +0000 2017
=======================
=======================
RT @FactsInYourFace: The Cappuccino got its name from the resemblance of the drink's color to the color of a capuchin monk's robes.
Sun Mar 26 20:45:32 +0000 2017
=======================
=======================
RT @FactsInYourFace: In Bhutan, it is believed that evil spirits can't bend their bodies, so homes have small doorways that force those who…
Sun Mar 26 20:44:38 +0000 2017
=======================
=======================
RT @FactsInYourFace: Pi has 6.4 billion known digits that would take approximately 133 years to recite without stopping.
Sun Mar 26 20:44:14 +0000 2017
=======================
=======================
RT @FactsInYourFace: In a group of 23 people, there is a greater than 50% chance that two of them share the same birthday.
Sun Mar 26 20:43:41 +0000 2017
=======================
=======================
Test BootCamp 1
Sun Mar 26 20:43:00 +0000 2017
=======================
=======================
Testing 2
Sun Mar 26 18:40:56 +0000 2017
=======================
=======================
Test
Sun Mar 26 18:38:22 +0000 2017
=======================
=======================
The Human League
Don't You Want Me - 2002 - Remaster
https://open.spotify.com/track/4Hff1IjRbLGeLgFgxvHflk
Dare!
=======================
Spotify:
=======================
The Human League
Don't You Want Me - 2002 - Remaster
https://open.spotify.com/track/4Hff1IjRbLGeLgFgxvHflk
Dare!
=======================
Spotify:
=======================
Ace of Base
The Sign
https://open.spotify.com/track/0hrBpAOgrt8RXigk83LLNE
Greatest Hits
=======================
Movie:
=======================
1996
The Rock
7.4
USA
English
A mild-mannered chemist and an ex-con must lead the counterstrike when a rogue group of military men, led by a renegade general, threaten a nerve gas attack from Alcatraz against San Francisco.
Sean Connery, Nicolas Cage, Ed Harris, John Spencer
N/A
http://www.rottentomatoes.com/m/1072011-rock/
=======================
Movie:
=======================
Mr. Nobody
2009
7.9
Belgium, Germany, Canada, France
English, Mohawk
A boy stands on a station platform as a train is about to leave. Should he go with his mother or stay with his father? Infinite possibilities arise from this decision. As long as he doesn't choose, anything is possible.
Jared Leto, Sarah Polley, Diane Kruger, Linh Dan Pham
N/A
http://www.rottentomatoes.com/m/mr-nobody/
=======================
Do what it says:
=======================
I Want It That Way
Backstreet Boys
https://open.spotify.com/track/6e40mgJiCid5HRAGrbpGA6
Millennium
=======================
